Flow report for pipeline
Thu Dec 12 11:47:32 2019
Quartus II 64-Bit Version 13.0.1 Build 232 06/12/2013 Service Pack 1 SJ Web Edition


---------------------
; Table of Contents ;
---------------------
  1. Legal Notice
  2. Flow Summary
  3. Flow Settings
  4. Flow Non-Default Global Settings
  5. Flow Elapsed Time
  6. Flow OS Summary
  7. Flow Log
  8. Flow Messages
  9. Flow Suppressed Messages



----------------
; Legal Notice ;
----------------
Copyright (C) 1991-2013 Altera Corporation
Your use of Altera Corporation's design tools, logic functions 
and other software and tools, and its AMPP partner logic 
functions, and any output files from any of the foregoing 
(including device programming or simulation files), and any 
associated documentation or information are expressly subject 
to the terms and conditions of the Altera Program License 
Subscription Agreement, Altera MegaCore Function License 
Agreement, or other applicable license agreement, including, 
without limitation, that your use is for the sole purpose of 
programming logic devices manufactured by Altera and sold by 
Altera or its authorized distributors.  Please refer to the 
applicable agreement for further details.



+--------------------------------------------------------------------------------------+
; Flow Summary                                                                         ;
+------------------------------------+-------------------------------------------------+
; Flow Status                        ; Successful - Thu Dec 12 11:47:32 2019           ;
; Quartus II 64-Bit Version          ; 13.0.1 Build 232 06/12/2013 SP 1 SJ Web Edition ;
; Revision Name                      ; pipeline                                        ;
; Top-level Entity Name              ; MipsProcessador                                 ;
; Family                             ; Cyclone II                                      ;
; Total logic elements               ; 6,040 / 68,416 ( 9 % )                          ;
;     Total combinational functions  ; 6,033 / 68,416 ( 9 % )                          ;
;     Dedicated logic registers      ; 1,609 / 68,416 ( 2 % )                          ;
; Total registers                    ; 1609                                            ;
; Total pins                         ; 514 / 622 ( 83 % )                              ;
; Total virtual pins                 ; 0                                               ;
; Total memory bits                  ; 262,144 / 1,152,000 ( 23 % )                    ;
; Embedded Multiplier 9-bit elements ; 8 / 300 ( 3 % )                                 ;
; Total PLLs                         ; 0 / 4 ( 0 % )                                   ;
; Device                             ; EP2C70F896C6                                    ;
; Timing Models                      ; Final                                           ;
+------------------------------------+-------------------------------------------------+


+-----------------------------------------+
; Flow Settings                           ;
+-------------------+---------------------+
; Option            ; Setting             ;
+-------------------+---------------------+
; Start date & time ; 12/12/2019 11:44:08 ;
; Main task         ; Compilation         ;
; Revision Name     ; pipeline            ;
+-------------------+---------------------+


+--------------------------------------------------------------------------------------------------------------------------------+
; Flow Non-Default Global Settings                                                                                               ;
+-------------------------------------+---------------------------------------+---------------+-----------------+----------------+
; Assignment Name                     ; Value                                 ; Default Value ; Entity Name     ; Section Id     ;
+-------------------------------------+---------------------------------------+---------------+-----------------+----------------+
; COMPILER_SIGNATURE_ID               ; 0.157616184729923                     ; --            ; --              ; --             ;
; EDA_GENERATE_FUNCTIONAL_NETLIST     ; On                                    ; --            ; --              ; eda_simulation ;
; EDA_OUTPUT_DATA_FORMAT              ; Verilog Hdl                           ; --            ; --              ; eda_simulation ;
; EDA_SIMULATION_TOOL                 ; ModelSim-Altera (Verilog)             ; <None>        ; --              ; --             ;
; EDA_TEST_BENCH_ENABLE_STATUS        ; TEST_BENCH_MODE                       ; --            ; --              ; eda_simulation ;
; EDA_TIME_SCALE                      ; 1 ps                                  ; --            ; --              ; eda_simulation ;
; IP_TOOL_NAME                        ; LPM_CLSHIFT                           ; --            ; --              ; --             ;
; IP_TOOL_NAME                        ; LPM_CLSHIFT                           ; --            ; --              ; --             ;
; IP_TOOL_NAME                        ; LPM_CLSHIFT                           ; --            ; --              ; --             ;
; IP_TOOL_NAME                        ; RAM: 2-PORT                           ; --            ; --              ; --             ;
; IP_TOOL_NAME                        ; LPM_MUX                               ; --            ; --              ; --             ;
; IP_TOOL_NAME                        ; LPM_MUX                               ; --            ; --              ; --             ;
; IP_TOOL_NAME                        ; LPM_MUX                               ; --            ; --              ; --             ;
; IP_TOOL_NAME                        ; LPM_MUX                               ; --            ; --              ; --             ;
; IP_TOOL_NAME                        ; LPM_MUX                               ; --            ; --              ; --             ;
; IP_TOOL_NAME                        ; LPM_MUX                               ; --            ; --              ; --             ;
; IP_TOOL_NAME                        ; LPM_MUX                               ; --            ; --              ; --             ;
; IP_TOOL_NAME                        ; LPM_ADD_SUB                           ; --            ; --              ; --             ;
; IP_TOOL_NAME                        ; LPM_DIVIDE                            ; --            ; --              ; --             ;
; IP_TOOL_NAME                        ; LPM_MULT                              ; --            ; --              ; --             ;
; IP_TOOL_NAME                        ; LPM_MUX                               ; --            ; --              ; --             ;
; IP_TOOL_NAME                        ; LPM_MUX                               ; --            ; --              ; --             ;
; IP_TOOL_VERSION                     ; 13.0                                  ; --            ; --              ; --             ;
; IP_TOOL_VERSION                     ; 13.0                                  ; --            ; --              ; --             ;
; IP_TOOL_VERSION                     ; 13.0                                  ; --            ; --              ; --             ;
; IP_TOOL_VERSION                     ; 13.0                                  ; --            ; --              ; --             ;
; IP_TOOL_VERSION                     ; 13.0                                  ; --            ; --              ; --             ;
; IP_TOOL_VERSION                     ; 13.0                                  ; --            ; --              ; --             ;
; IP_TOOL_VERSION                     ; 13.0                                  ; --            ; --              ; --             ;
; IP_TOOL_VERSION                     ; 13.0                                  ; --            ; --              ; --             ;
; IP_TOOL_VERSION                     ; 13.0                                  ; --            ; --              ; --             ;
; IP_TOOL_VERSION                     ; 13.0                                  ; --            ; --              ; --             ;
; IP_TOOL_VERSION                     ; 13.0                                  ; --            ; --              ; --             ;
; IP_TOOL_VERSION                     ; 13.0                                  ; --            ; --              ; --             ;
; IP_TOOL_VERSION                     ; 13.0                                  ; --            ; --              ; --             ;
; IP_TOOL_VERSION                     ; 13.0                                  ; --            ; --              ; --             ;
; IP_TOOL_VERSION                     ; 13.0                                  ; --            ; --              ; --             ;
; IP_TOOL_VERSION                     ; 13.0                                  ; --            ; --              ; --             ;
; MISC_FILE                           ; lpm_clshift_srl.bsf                   ; --            ; --              ; --             ;
; MISC_FILE                           ; lpm_clshift_srl.cmp                   ; --            ; --              ; --             ;
; MISC_FILE                           ; lpm_clshift_sll.bsf                   ; --            ; --              ; --             ;
; MISC_FILE                           ; lpm_clshift_sll.cmp                   ; --            ; --              ; --             ;
; MISC_FILE                           ; lpm_clshift1_sra.bsf                  ; --            ; --              ; --             ;
; MISC_FILE                           ; lpm_clshift1_sra.cmp                  ; --            ; --              ; --             ;
; MISC_FILE                           ; ram.bsf                               ; --            ; --              ; --             ;
; MISC_FILE                           ; ram_inst.vhd                          ; --            ; --              ; --             ;
; MISC_FILE                           ; ram.inc                               ; --            ; --              ; --             ;
; MISC_FILE                           ; ram.cmp                               ; --            ; --              ; --             ;
; MISC_FILE                           ; lpm_mux0.bsf                          ; --            ; --              ; --             ;
; MISC_FILE                           ; lpm_mux0.cmp                          ; --            ; --              ; --             ;
; MISC_FILE                           ; lpm_muxULA.bsf                        ; --            ; --              ; --             ;
; MISC_FILE                           ; lpm_muxULA.cmp                        ; --            ; --              ; --             ;
; MISC_FILE                           ; lpm_muxRegDst.bsf                     ; --            ; --              ; --             ;
; MISC_FILE                           ; lpm_muxRegDst.cmp                     ; --            ; --              ; --             ;
; MISC_FILE                           ; lpm_muxOrigAlu.bsf                    ; --            ; --              ; --             ;
; MISC_FILE                           ; lpm_muxOrigAlu.cmp                    ; --            ; --              ; --             ;
; MISC_FILE                           ; muxPC.bsf                             ; --            ; --              ; --             ;
; MISC_FILE                           ; muxPC.cmp                             ; --            ; --              ; --             ;
; MISC_FILE                           ; lpm_mux2.bsf                          ; --            ; --              ; --             ;
; MISC_FILE                           ; lpm_mux2.cmp                          ; --            ; --              ; --             ;
; MISC_FILE                           ; lpm_mux_memdata.bsf                   ; --            ; --              ; --             ;
; MISC_FILE                           ; lpm_mux_memdata.cmp                   ; --            ; --              ; --             ;
; MISC_FILE                           ; PC_MAIS_4.bsf                         ; --            ; --              ; --             ;
; MISC_FILE                           ; PC_MAIS_4.cmp                         ; --            ; --              ; --             ;
; MISC_FILE                           ; lpm_divide0.bsf                       ; --            ; --              ; --             ;
; MISC_FILE                           ; lpm_divide0.cmp                       ; --            ; --              ; --             ;
; MISC_FILE                           ; lpm_mult0.bsf                         ; --            ; --              ; --             ;
; MISC_FILE                           ; lpm_mult0.cmp                         ; --            ; --              ; --             ;
; MISC_FILE                           ; lpm_mux_sll.bsf                       ; --            ; --              ; --             ;
; MISC_FILE                           ; lpm_mux_sll.cmp                       ; --            ; --              ; --             ;
; MISC_FILE                           ; lpm_fwd_A.bsf                         ; --            ; --              ; --             ;
; MISC_FILE                           ; lpm_fwd_A.cmp                         ; --            ; --              ; --             ;
; PARTITION_COLOR                     ; 16764057                              ; --            ; MipsProcessador ; Top            ;
; PARTITION_FITTER_PRESERVATION_LEVEL ; PLACEMENT_AND_ROUTING                 ; --            ; MipsProcessador ; Top            ;
; PARTITION_NETLIST_TYPE              ; SOURCE                                ; --            ; MipsProcessador ; Top            ;
; POWER_BOARD_THERMAL_MODEL           ; None (CONSERVATIVE)                   ; --            ; --              ; --             ;
; POWER_PRESET_COOLING_SOLUTION       ; 23 MM HEAT SINK WITH 200 LFPM AIRFLOW ; --            ; --              ; --             ;
; PROJECT_OUTPUT_DIRECTORY            ; output_files                          ; --            ; --              ; --             ;
; TOP_LEVEL_ENTITY                    ; MipsProcessador                       ; pipeline      ; --              ; --             ;
; VERILOG_INPUT_VERSION               ; SystemVerilog_2005                    ; Verilog_2001  ; --              ; --             ;
+-------------------------------------+---------------------------------------+---------------+-----------------+----------------+


+-------------------------------------------------------------------------------------------------------------------------------+
; Flow Elapsed Time                                                                                                             ;
+---------------------------+--------------+-------------------------+---------------------+------------------------------------+
; Module Name               ; Elapsed Time ; Average Processors Used ; Peak Virtual Memory ; Total CPU Time (on all processors) ;
+---------------------------+--------------+-------------------------+---------------------+------------------------------------+
; Analysis & Synthesis      ; 00:01:11     ; 1.0                     ; 761 MB              ; 00:01:11                           ;
; Fitter                    ; 00:01:44     ; 1.0                     ; 907 MB              ; 00:01:44                           ;
; Assembler                 ; 00:00:06     ; 1.0                     ; 581 MB              ; 00:00:06                           ;
; TimeQuest Timing Analyzer ; 00:00:05     ; 1.0                     ; 639 MB              ; 00:00:05                           ;
; EDA Netlist Writer        ; 00:00:03     ; 1.0                     ; 851 MB              ; 00:00:03                           ;
; Total                     ; 00:03:09     ; --                      ; --                  ; 00:03:09                           ;
+---------------------------+--------------+-------------------------+---------------------+------------------------------------+


+---------------------------------------------------------------------------------------------+
; Flow OS Summary                                                                             ;
+---------------------------+------------------+----------------+------------+----------------+
; Module Name               ; Machine Hostname ; OS Name        ; OS Version ; Processor type ;
+---------------------------+------------------+----------------+------------+----------------+
; Analysis & Synthesis      ; boris-saturn     ; Ubuntu 18.04.3 ; 18         ; x86_64         ;
; Fitter                    ; boris-saturn     ; Ubuntu 18.04.3 ; 18         ; x86_64         ;
; Assembler                 ; boris-saturn     ; Ubuntu 18.04.3 ; 18         ; x86_64         ;
; TimeQuest Timing Analyzer ; boris-saturn     ; Ubuntu 18.04.3 ; 18         ; x86_64         ;
; EDA Netlist Writer        ; boris-saturn     ; Ubuntu 18.04.3 ; 18         ; x86_64         ;
+---------------------------+------------------+----------------+------------+----------------+


------------
; Flow Log ;
------------
quartus_map --read_settings_files=on --write_settings_files=off pipeline -c pipeline
quartus_fit --read_settings_files=off --write_settings_files=off pipeline -c pipeline
quartus_asm --read_settings_files=off --write_settings_files=off pipeline -c pipeline
quartus_sta pipeline -c pipeline
quartus_eda --read_settings_files=off --write_settings_files=off pipeline -c pipeline



